<?xml version="1.0" encoding="UTF-8"?>
<testsuite xmlns:xsi="http://www.w3.org/2001/XMLSchema-instance" xsi:noNamespaceSchemaLocation="https://maven.apache.org/surefire/maven-surefire-plugin/xsd/surefire-test-report-3.0.xsd" version="3.0" name="com.gabriel.projetoestacio.ApiAlugaLivrosApplicationTests" time="39.608" tests="1" errors="0" skipped="0" failures="0">
  <properties>
[...]
</properties>
  <testcase name="contextLoads" classname="com.gabriel.projetoestacio.ApiAlugaLivrosApplicationTests" time="2.148">
    <system-out><![CDATA[23:05:53.564 [main] INFO org.springframework.test.context.support.AnnotationConfigContextLoaderUtils -- Could not detect default configuration classes for test class [com.gabriel.projetoestacio.ApiAlugaLivrosApplicationTests]: ApiAlugaLivrosApplicationTests does not declare any static, non-private, non-final, nested classes annotated with @Configuration.
23:05:54.251 [main] INFO org.springframework.boot.test.context.SpringBootTestContextBootstrapper -- Found @SpringBootConfiguration com.gabriel.projetoestacio.ApiAlugaLivrosApplication for test class com.gabriel.projetoestacio.ApiAlugaLivrosApplicationTests
23:05:55.746 [main] INFO org.springframework.boot.devtools.restart.RestartApplicationListener -- Restart disabled due to context in which it is running

  .   ____          _            __ _ _
 /\\ / ___'_ __ _ _(_)_ __  __ _ \ \ \ \
( ( )\___ | '_ | '_| | '_ \/ _` | \ \ \ \
 \\/  ___)| |_)| | | | | || (_| |  ) ) ) )
  '  |____| .__|_| |_|_| |_\__, | / / / /
 =========|_|==============|___/=/_/_/_/
 :: Spring Boot ::                (v3.2.5)

2024-05-28T23:05:57.910-03:00  INFO 51948 --- [api-alugaLivros] [           main] c.g.p.ApiAlugaLivrosApplicationTests     : Starting ApiAlugaLivrosApplicationTests using Java 17.0.11 with PID 51948 (started by gabri in C:\Users\gabri\workspace STS\api-alugaLivros)
2024-05-28T23:05:57.917-03:00  INFO 51948 --- [api-alugaLivros] [           main] c.g.p.ApiAlugaLivrosApplicationTests     : No active profile set, falling back to 1 default profile: "default"
2024-05-28T23:06:02.506-03:00  INFO 51948 --- [api-alugaLivros] [           main] .s.d.r.c.RepositoryConfigurationDelegate : Bootstrapping Spring Data JPA repositories in DEFAULT mode.
2024-05-28T23:06:03.803-03:00  INFO 51948 --- [api-alugaLivros] [           main] .s.d.r.c.RepositoryConfigurationDelegate : Finished Spring Data repository scanning in 1250 ms. Found 6 JPA repository interfaces.
2024-05-28T23:06:06.124-03:00  INFO 51948 --- [api-alugaLivros] [           main] com.zaxxer.hikari.HikariDataSource       : HikariPool-1 - Starting...
2024-05-28T23:06:09.930-03:00  INFO 51948 --- [api-alugaLivros] [           main] com.zaxxer.hikari.pool.HikariPool        : HikariPool-1 - Added connection org.postgresql.jdbc.PgConnection@370c7cc5
2024-05-28T23:06:09.937-03:00  INFO 51948 --- [api-alugaLivros] [           main] com.zaxxer.hikari.HikariDataSource       : HikariPool-1 - Start completed.
2024-05-28T23:06:10.162-03:00  INFO 51948 --- [api-alugaLivros] [           main] o.hibernate.jpa.internal.util.LogHelper  : HHH000204: Processing PersistenceUnitInfo [name: default]
2024-05-28T23:06:10.544-03:00  INFO 51948 --- [api-alugaLivros] [           main] org.hibernate.Version                    : HHH000412: Hibernate ORM core version 6.4.4.Final
2024-05-28T23:06:10.728-03:00  INFO 51948 --- [api-alugaLivros] [           main] o.h.c.internal.RegionFactoryInitiator    : HHH000026: Second-level cache disabled
2024-05-28T23:06:11.851-03:00  INFO 51948 --- [api-alugaLivros] [           main] o.s.o.j.p.SpringPersistenceUnitInfo      : No LoadTimeWeaver setup: ignoring JPA class transformer
2024-05-28T23:06:20.392-03:00  INFO 51948 --- [api-alugaLivros] [           main] o.h.e.t.j.p.i.JtaPlatformInitiator       : HHH000489: No JTA platform available (set 'hibernate.transaction.jta.platform' to enable JTA platform integration)
2024-05-28T23:06:20.405-03:00  INFO 51948 --- [api-alugaLivros] [           main] j.LocalContainerEntityManagerFactoryBean : Initialized JPA EntityManagerFactory for persistence unit 'default'
2024-05-28T23:06:23.038-03:00  WARN 51948 --- [api-alugaLivros] [           main] JpaBaseConfiguration$JpaWebConfiguration : spring.jpa.open-in-view is enabled by default. Therefore, database queries may be performed during view rendering. Explicitly configure spring.jpa.open-in-view to disable this warning
2024-05-28T23:06:29.067-03:00  INFO 51948 --- [api-alugaLivros] [           main] c.g.p.ApiAlugaLivrosApplicationTests     : Started ApiAlugaLivrosApplicationTests in 33.549 seconds (process running for 41.812)
2024-05-28T23:06:29.096-03:00  INFO 51948 --- [api-alugaLivros] [   scheduling-1] c.g.projetoestacio.jobs.TokenCleanupJob  : Job de limpeza de token iniciado
2024-05-28T23:06:30.459-03:00  INFO 51948 --- [api-alugaLivros] [   scheduling-1] c.g.projetoestacio.jobs.TokenCleanupJob  : Sem tokens expirados
2024-05-28T23:06:30.460-03:00  INFO 51948 --- [api-alugaLivros] [   scheduling-1] c.g.projetoestacio.jobs.TokenCleanupJob  : Job de limpeza de token finalizado
]]></system-out>
  </testcase>
</testsuite>